#! /usr/bin/vvp
:ivl_version "12.0 (stable)";
:ivl_delay_selection "TYPICAL";
:vpi_time_precision - 12;
:vpi_module "/usr/lib/x86_64-linux-gnu/ivl/system.vpi";
:vpi_module "/usr/lib/x86_64-linux-gnu/ivl/vhdl_sys.vpi";
:vpi_module "/usr/lib/x86_64-linux-gnu/ivl/vhdl_textio.vpi";
:vpi_module "/usr/lib/x86_64-linux-gnu/ivl/v2005_math.vpi";
:vpi_module "/usr/lib/x86_64-linux-gnu/ivl/va_math.vpi";
S_0x55ced336dd80 .scope module, "vsdbabysoc_tb" "vsdbabysoc_tb" 2 5;
 .timescale -9 -12;
v0x55ced33926e0_0 .var "clk", 0 0;
v0x55ced33927b0_0 .net "count", 3 0, v0x55ced33924e0_0;  1 drivers
v0x55ced3392880_0 .var "reset", 0 0;
S_0x55ced336df10 .scope module, "uut" "rvmyth" 2 11, 3 2 0, S_0x55ced336dd80;
 .timescale 0 0;
    .port_info 0 /INPUT 1 "clk";
    .port_info 1 /INPUT 1 "rst";
    .port_info 2 /OUTPUT 4 "count";
v0x55ced3380c00_0 .net "clk", 0 0, v0x55ced33926e0_0;  1 drivers
v0x55ced33924e0_0 .var "count", 3 0;
v0x55ced33925c0_0 .net "rst", 0 0, v0x55ced3392880_0;  1 drivers
E_0x55ced3347910 .event posedge, v0x55ced33925c0_0, v0x55ced3380c00_0;
    .scope S_0x55ced336df10;
T_0 ;
    %wait E_0x55ced3347910;
    %load/vec4 v0x55ced33925c0_0;
    %flag_set/vec4 8;
    %jmp/0xz  T_0.0, 8;
    %pushi/vec4 0, 0, 4;
    %assign/vec4 v0x55ced33924e0_0, 0;
    %jmp T_0.1;
T_0.0 ;
    %load/vec4 v0x55ced33924e0_0;
    %addi 1, 0, 4;
    %assign/vec4 v0x55ced33924e0_0, 0;
T_0.1 ;
    %jmp T_0;
    .thread T_0;
    .scope S_0x55ced336dd80;
T_1 ;
    %pushi/vec4 0, 0, 1;
    %store/vec4 v0x55ced33926e0_0, 0, 1;
    %end;
    .thread T_1;
    .scope S_0x55ced336dd80;
T_2 ;
    %delay 5000, 0;
    %load/vec4 v0x55ced33926e0_0;
    %inv;
    %store/vec4 v0x55ced33926e0_0, 0, 1;
    %jmp T_2;
    .thread T_2;
    .scope S_0x55ced336dd80;
T_3 ;
    %pushi/vec4 1, 0, 1;
    %store/vec4 v0x55ced3392880_0, 0, 1;
    %delay 10000, 0;
    %pushi/vec4 0, 0, 1;
    %store/vec4 v0x55ced3392880_0, 0, 1;
    %delay 100000, 0;
    %vpi_call 2 25 "$finish" {0 0 0};
    %end;
    .thread T_3;
    .scope S_0x55ced336dd80;
T_4 ;
    %vpi_call 2 30 "$dumpfile", "/home/vinay/Manali/VSDBabySoC/output/pre_synth_sim/rvmyth.vcd" {0 0 0};
    %vpi_call 2 31 "$dumpvars", 32'sb00000000000000000000000000000000, S_0x55ced336dd80 {0 0 0};
    %end;
    .thread T_4;
# The file index is used to find the file name in the following table.
:file_names 4;
    "N/A";
    "<interactive>";
    "/home/vinay/Manali/VSDBabySoC/src/module/testbench.v";
    "/home/vinay/Manali/VSDBabySoC/src/module/rvmyth.v";
